<?xml version="1.0" encoding="UTF-8"?>
<testng-results skipped="0" failed="0" ignored="0" total="1" passed="1">
  <reporter-output>
    <line>
      <![CDATA[Inside setUpSuite]]>
    </line>
    <line>
      <![CDATA[Inside presetup]]>
    </line>
    <line>
      <![CDATA[Inside tearDownMethod]]>
    </line>
    <line>
      <![CDATA[Inside tearDown]]>
    </line>
  </reporter-output>
  <suite name="Default suite" duration-ms="42032" started-at="2020-10-14T18:11:19Z" finished-at="2020-10-14T18:12:01Z">
    <groups>
    </groups>
    <test name="Default test" duration-ms="42032" started-at="2020-10-14T18:11:19Z" finished-at="2020-10-14T18:12:01Z">
      <class name="tests.ValidateBBPages_TEST_TestNG_Chrome">
        <test-method status="PASS" signature="setUpSuite()[pri:0, instance:tests.ValidateBBPages_TEST_TestNG_Chrome@66a3ffec]" name="setUpSuite" is-config="true" duration-ms="21" started-at="2020-10-14T18:11:19Z" finished-at="2020-10-14T18:11:19Z">
          <reporter-output>
            <line>
              <![CDATA[Inside setUpSuite]]>
            </line>
          </reporter-output>
        </test-method> <!-- setUpSuite -->
        <test-method status="PASS" signature="presetup()[pri:0, instance:tests.ValidateBBPages_TEST_TestNG_Chrome@66a3ffec]" name="presetup" is-config="true" duration-ms="9233" started-at="2020-10-14T18:11:19Z" finished-at="2020-10-14T18:11:28Z">
          <reporter-output>
            <line>
              <![CDATA[Inside presetup]]>
            </line>
          </reporter-output>
        </test-method> <!-- presetup -->
        <test-method status="PASS" signature="ValidateBBPages()[pri:0, instance:tests.ValidateBBPages_TEST_TestNG_Chrome@66a3ffec]" name="ValidateBBPages" duration-ms="30371" started-at="2020-10-14T18:11:28Z" finished-at="2020-10-14T18:11:59Z">
          <reporter-output>
          </reporter-output>
        </test-method> <!-- ValidateBBPages -->
        <test-method status="PASS" signature="tearDownMethod(org.testng.ITestResult)[pri:0, instance:tests.ValidateBBPages_TEST_TestNG_Chrome@66a3ffec]" name="tearDownMethod" is-config="true" duration-ms="1303" started-at="2020-10-14T18:11:59Z" finished-at="2020-10-14T18:12:00Z">
          <params>
            <param index="0">
              <value>
                <![CDATA[[TestResult name=ValidateBBPages status=SUCCESS method=ValidateBBPages_TEST_TestNG_Chrome.ValidateBBPages()[pri:0, instance:tests.ValidateBBPages_TEST_TestNG_Chrome@66a3ffec] output={null}]]]>
              </value>
            </param>
          </params>
          <reporter-output>
            <line>
              <![CDATA[Inside tearDownMethod]]>
            </line>
          </reporter-output>
        </test-method> <!-- tearDownMethod -->
        <test-method status="PASS" signature="tearDown()[pri:0, instance:tests.ValidateBBPages_TEST_TestNG_Chrome@66a3ffec]" name="tearDown" is-config="true" duration-ms="1082" started-at="2020-10-14T18:12:00Z" finished-at="2020-10-14T18:12:01Z">
          <reporter-output>
            <line>
              <![CDATA[Inside tearDown]]>
            </line>
          </reporter-output>
        </test-method> <!-- tearDown -->
      </class> <!-- tests.ValidateBBPages_TEST_TestNG_Chrome -->
    </test> <!-- Default test -->
  </suite> <!-- Default suite -->
</testng-results>
