<?xml version="1.0" encoding="UTF-8"?>
<!-- Generated by org.testng.reporters.JUnitXMLReporter -->
<testsuite hostname="MARK-HP" ignored="0" name="Test" tests="1" failures="0" timestamp="15 Oct 2020 18:56:17 GMT" time="0.09" errors="0">
  <testcase name="@BeforeClass presetup" time="0.0" classname="pages.BaseClass">
    <failure type="org.testng.TestNGException" message="
Can inject only one of &amp;lt;ITestContext, XmlTest&amp;gt; into a @BeforeClass annotated presetup.
For more information on native dependency injection please refer to http://testng.org/doc/documentation-main.html#native-dependency-injection">
      <![CDATA[org.testng.TestNGException: 
Can inject only one of <ITestContext, XmlTest> into a @BeforeClass annotated presetup.
For more information on native dependency injection please refer to http://testng.org/doc/documentation-main.html#native-dependency-injection
... Removed 23 stack frames]]>
    </failure>
  </testcase> <!-- @BeforeClass presetup -->
  <testcase name="@AfterMethod tearDownMethod" time="0.0" classname="pages.BaseClass">
    <skipped/>
  </testcase> <!-- @AfterMethod tearDownMethod -->
  <testcase name="@AfterClass tearDown" time="0.0" classname="pages.BaseClass">
    <skipped/>
  </testcase> <!-- @AfterClass tearDown -->
  <testcase name="LoginSettingsvalidations" time="0.0" classname="tests.LoginSettingsvalidations_TEST_MavenTestNG">
    <skipped/>
  </testcase> <!-- LoginSettingsvalidations -->
</testsuite> <!-- Test -->
